No active profile set, falling back to default profiles: default
Multiple Spring Data modules found, entering strict repository configuration mode!
Bootstrapping Spring Data JPA repositories in DEFAULT mode.
Finished Spring Data repository scanning in 1159ms. Found 8 JPA repository interfaces.
Multiple Spring Data modules found, entering strict repository configuration mode!
Bootstrapping Spring Data Redis repositories in DEFAULT mode.
Spring Data Redis - Could not safely identify store assignment for repository candidate interface org.wxz.authserver.repository.AccountRepository. If you want this repository to be a Redis repository, consider annotating your entities with one of these annotations: org.springframework.data.redis.core.RedisHash (preferred), or consider extending one of the following types with your repository: org.springframework.data.keyvalue.repository.KeyValueRepository.
Spring Data Redis - Could not safely identify store assignment for repository candidate interface org.wxz.authserver.repository.OauthClientDetailsRepository. If you want this repository to be a Redis repository, consider annotating your entities with one of these annotations: org.springframework.data.redis.core.RedisHash (preferred), or consider extending one of the following types with your repository: org.springframework.data.keyvalue.repository.KeyValueRepository.
Spring Data Redis - Could not safely identify store assignment for repository candidate interface org.wxz.authserver.repository.OauthCodeRepository. If you want this repository to be a Redis repository, consider annotating your entities with one of these annotations: org.springframework.data.redis.core.RedisHash (preferred), or consider extending one of the following types with your repository: org.springframework.data.keyvalue.repository.KeyValueRepository.
Spring Data Redis - Could not safely identify store assignment for repository candidate interface org.wxz.authserver.repository.PermissionRepository. If you want this repository to be a Redis repository, consider annotating your entities with one of these annotations: org.springframework.data.redis.core.RedisHash (preferred), or consider extending one of the following types with your repository: org.springframework.data.keyvalue.repository.KeyValueRepository.
Spring Data Redis - Could not safely identify store assignment for repository candidate interface org.wxz.authserver.repository.RolePermissionRepository. If you want this repository to be a Redis repository, consider annotating your entities with one of these annotations: org.springframework.data.redis.core.RedisHash (preferred), or consider extending one of the following types with your repository: org.springframework.data.keyvalue.repository.KeyValueRepository.
Spring Data Redis - Could not safely identify store assignment for repository candidate interface org.wxz.authserver.repository.RoleRepository. If you want this repository to be a Redis repository, consider annotating your entities with one of these annotations: org.springframework.data.redis.core.RedisHash (preferred), or consider extending one of the following types with your repository: org.springframework.data.keyvalue.repository.KeyValueRepository.
Spring Data Redis - Could not safely identify store assignment for repository candidate interface org.wxz.authserver.repository.UserRepository. If you want this repository to be a Redis repository, consider annotating your entities with one of these annotations: org.springframework.data.redis.core.RedisHash (preferred), or consider extending one of the following types with your repository: org.springframework.data.keyvalue.repository.KeyValueRepository.
Spring Data Redis - Could not safely identify store assignment for repository candidate interface org.wxz.authserver.repository.UserRoleRepository. If you want this repository to be a Redis repository, consider annotating your entities with one of these annotations: org.springframework.data.redis.core.RedisHash (preferred), or consider extending one of the following types with your repository: org.springframework.data.keyvalue.repository.KeyValueRepository.
Finished Spring Data repository scanning in 21ms. Found 0 Redis repository interfaces.
Endpoint ID 'service-registry' contains invalid characters, please migrate to a valid format.
BeanFactory id=ffc48736-4486-37dd-ae73-a285967d27ef
Bean 'org.springframework.security.config.annotation.configuration.ObjectPostProcessorConfiguration' of type [org.springframework.security.config.annotation.configuration.ObjectPostProcessorConfiguration] is not eligible for getting processed by all BeanPostProcessors (for example: not eligible for auto-proxying)
Bean 'objectPostProcessor' of type [org.springframework.security.config.annotation.configuration.AutowireBeanFactoryObjectPostProcessor] is not eligible for getting processed by all BeanPostProcessors (for example: not eligible for auto-proxying)
Bean 'org.springframework.security.access.expression.method.DefaultMethodSecurityExpressionHandler@1e8f85c' of type [org.springframework.security.oauth2.provider.expression.OAuth2MethodSecurityExpressionHandler] is not eligible for getting processed by all BeanPostProcessors (for example: not eligible for auto-proxying)
Bean 'org.springframework.security.config.annotation.method.configuration.GlobalMethodSecurityConfiguration' of type [org.springframework.security.config.annotation.method.configuration.GlobalMethodSecurityConfiguration] is not eligible for getting processed by all BeanPostProcessors (for example: not eligible for auto-proxying)
Bean 'methodSecurityMetadataSource' of type [org.springframework.security.access.method.DelegatingMethodSecurityMetadataSource] is not eligible for getting processed by all BeanPostProcessors (for example: not eligible for auto-proxying)
HHH000204: Processing PersistenceUnitInfo [name: default]
HHH000412: Hibernate ORM core version 5.4.12.Final
HCANN000001: Hibernate Commons Annotations {5.1.0.Final}
HikariPool-1 - Starting...
HikariPool-1 - Start completed.
HHH000400: Using dialect: org.hibernate.dialect.MySQL57Dialect
HHH000490: Using JtaPlatform implementation: [org.hibernate.engine.transaction.jta.platform.internal.NoJtaPlatform]
Initialized JPA EntityManagerFactory for persistence unit 'default'
spring.jpa.open-in-view is enabled by default. Therefore, database queries may be performed during view rendering. Explicitly configure spring.jpa.open-in-view to disable this warning
No URLs will be polled as dynamic configuration sources.
To enable URLs as dynamic configuration sources, define System property archaius.configurationSource.additionalUrls or make config.properties available on classpath.
DynamicPropertyFactory is initialized with configuration sources: com.netflix.config.ConcurrentCompositeConfiguration@15e1b16
Unable to create an RSA verifier from verifierKey (ignoreable if using MAC)
Creating filter chain: OrRequestMatcher [requestMatchers=[Ant [pattern='/oauth/token'], Ant [pattern='/oauth/token_key'], Ant [pattern='/oauth/check_token']]], [org.springframework.security.web.context.request.async.WebAsyncManagerIntegrationFilter@12c513e, org.springframework.security.web.context.SecurityContextPersistenceFilter@17c7135, org.springframework.security.web.header.HeaderWriterFilter@ab1491, org.springframework.security.web.authentication.logout.LogoutFilter@141a2ad, org.springframework.security.oauth2.provider.client.ClientCredentialsTokenEndpointFilter@bfaa7b, org.springframework.security.web.authentication.www.BasicAuthenticationFilter@14db023, org.springframework.security.web.savedrequest.RequestCacheAwareFilter@1735240, org.springframework.security.web.servletapi.SecurityContextHolderAwareRequestFilter@1f2ac11, org.springframework.security.web.authentication.AnonymousAuthenticationFilter@98ef14, org.springframework.security.web.session.SessionManagementFilter@145b68c, org.springframework.security.web.access.ExceptionTranslationFilter@127dcdb, org.springframework.security.web.access.intercept.FilterSecurityInterceptor@7dcc5e]
Creating filter chain: any request, [org.springframework.security.web.context.request.async.WebAsyncManagerIntegrationFilter@c3b5dd, org.springframework.security.web.context.SecurityContextPersistenceFilter@1f81c74, org.springframework.security.web.header.HeaderWriterFilter@1fd34b, org.springframework.security.web.authentication.logout.LogoutFilter@54864f, org.springframework.security.web.authentication.UsernamePasswordAuthenticationFilter@2545ab, org.springframework.security.web.authentication.ui.DefaultLoginPageGeneratingFilter@1bbcced, org.springframework.security.web.authentication.ui.DefaultLogoutPageGeneratingFilter@9bee3b, org.springframework.security.web.savedrequest.RequestCacheAwareFilter@1d030b1, org.springframework.security.web.servletapi.SecurityContextHolderAwareRequestFilter@1653a0b, org.springframework.security.web.authentication.AnonymousAuthenticationFilter@18f685f, org.springframework.security.web.session.SessionManagementFilter@bc9802, org.springframework.security.web.access.ExceptionTranslationFilter@aacc46, org.springframework.security.web.access.intercept.FilterSecurityInterceptor@4c6bbc]
No URLs will be polled as dynamic configuration sources.
To enable URLs as dynamic configuration sources, define System property archaius.configurationSource.additionalUrls or make config.properties available on classpath.
Initializing ExecutorService 'applicationTaskExecutor'
You already have RibbonLoadBalancerClient on your classpath. It will be used by default. As Spring Cloud Ribbon is in maintenance mode. We recommend switching to BlockingLoadBalancerClient instead. In order to use it, set the value of `spring.cloud.loadbalancer.ribbon.enabled` to `false` or remove spring-cloud-starter-netflix-ribbon from your project.
Exposing 2 endpoint(s) beneath base path '/actuator'
Started UserServiceImplTest in 46.803 seconds (JVM running for 69.433)
HikariPool-1 - Thread starvation or clock leap detected (housekeeper delta=1m15s295ms122µs935ns).
Setting initial instance status as: STARTING
Unregistering application AUTH-SERVICE with eureka with status DOWN
Shutting down ExecutorService 'applicationTaskExecutor'
Closing JPA EntityManagerFactory for persistence unit 'default'
HikariPool-1 - Shutdown initiated...
HikariPool-1 - Shutdown completed.
No active profile set, falling back to default profiles: default
Multiple Spring Data modules found, entering strict repository configuration mode!
Bootstrapping Spring Data JPA repositories in DEFAULT mode.
Finished Spring Data repository scanning in 952ms. Found 8 JPA repository interfaces.
Multiple Spring Data modules found, entering strict repository configuration mode!
Bootstrapping Spring Data Redis repositories in DEFAULT mode.
Spring Data Redis - Could not safely identify store assignment for repository candidate interface org.wxz.authserver.repository.AccountRepository. If you want this repository to be a Redis repository, consider annotating your entities with one of these annotations: org.springframework.data.redis.core.RedisHash (preferred), or consider extending one of the following types with your repository: org.springframework.data.keyvalue.repository.KeyValueRepository.
Spring Data Redis - Could not safely identify store assignment for repository candidate interface org.wxz.authserver.repository.OauthClientDetailsRepository. If you want this repository to be a Redis repository, consider annotating your entities with one of these annotations: org.springframework.data.redis.core.RedisHash (preferred), or consider extending one of the following types with your repository: org.springframework.data.keyvalue.repository.KeyValueRepository.
Spring Data Redis - Could not safely identify store assignment for repository candidate interface org.wxz.authserver.repository.OauthCodeRepository. If you want this repository to be a Redis repository, consider annotating your entities with one of these annotations: org.springframework.data.redis.core.RedisHash (preferred), or consider extending one of the following types with your repository: org.springframework.data.keyvalue.repository.KeyValueRepository.
Spring Data Redis - Could not safely identify store assignment for repository candidate interface org.wxz.authserver.repository.PermissionRepository. If you want this repository to be a Redis repository, consider annotating your entities with one of these annotations: org.springframework.data.redis.core.RedisHash (preferred), or consider extending one of the following types with your repository: org.springframework.data.keyvalue.repository.KeyValueRepository.
Spring Data Redis - Could not safely identify store assignment for repository candidate interface org.wxz.authserver.repository.RolePermissionRepository. If you want this repository to be a Redis repository, consider annotating your entities with one of these annotations: org.springframework.data.redis.core.RedisHash (preferred), or consider extending one of the following types with your repository: org.springframework.data.keyvalue.repository.KeyValueRepository.
Spring Data Redis - Could not safely identify store assignment for repository candidate interface org.wxz.authserver.repository.RoleRepository. If you want this repository to be a Redis repository, consider annotating your entities with one of these annotations: org.springframework.data.redis.core.RedisHash (preferred), or consider extending one of the following types with your repository: org.springframework.data.keyvalue.repository.KeyValueRepository.
Spring Data Redis - Could not safely identify store assignment for repository candidate interface org.wxz.authserver.repository.UserRepository. If you want this repository to be a Redis repository, consider annotating your entities with one of these annotations: org.springframework.data.redis.core.RedisHash (preferred), or consider extending one of the following types with your repository: org.springframework.data.keyvalue.repository.KeyValueRepository.
Spring Data Redis - Could not safely identify store assignment for repository candidate interface org.wxz.authserver.repository.UserRoleRepository. If you want this repository to be a Redis repository, consider annotating your entities with one of these annotations: org.springframework.data.redis.core.RedisHash (preferred), or consider extending one of the following types with your repository: org.springframework.data.keyvalue.repository.KeyValueRepository.
Finished Spring Data repository scanning in 18ms. Found 0 Redis repository interfaces.
Endpoint ID 'service-registry' contains invalid characters, please migrate to a valid format.
BeanFactory id=ffc48736-4486-37dd-ae73-a285967d27ef
Bean 'org.springframework.security.config.annotation.configuration.ObjectPostProcessorConfiguration' of type [org.springframework.security.config.annotation.configuration.ObjectPostProcessorConfiguration] is not eligible for getting processed by all BeanPostProcessors (for example: not eligible for auto-proxying)
Bean 'objectPostProcessor' of type [org.springframework.security.config.annotation.configuration.AutowireBeanFactoryObjectPostProcessor] is not eligible for getting processed by all BeanPostProcessors (for example: not eligible for auto-proxying)
Bean 'org.springframework.security.access.expression.method.DefaultMethodSecurityExpressionHandler@484c7' of type [org.springframework.security.oauth2.provider.expression.OAuth2MethodSecurityExpressionHandler] is not eligible for getting processed by all BeanPostProcessors (for example: not eligible for auto-proxying)
Bean 'org.springframework.security.config.annotation.method.configuration.GlobalMethodSecurityConfiguration' of type [org.springframework.security.config.annotation.method.configuration.GlobalMethodSecurityConfiguration] is not eligible for getting processed by all BeanPostProcessors (for example: not eligible for auto-proxying)
Bean 'methodSecurityMetadataSource' of type [org.springframework.security.access.method.DelegatingMethodSecurityMetadataSource] is not eligible for getting processed by all BeanPostProcessors (for example: not eligible for auto-proxying)
HHH000204: Processing PersistenceUnitInfo [name: default]
HHH000412: Hibernate ORM core version 5.4.12.Final
HCANN000001: Hibernate Commons Annotations {5.1.0.Final}
HikariPool-1 - Starting...
HikariPool-1 - Start completed.
HHH000400: Using dialect: org.hibernate.dialect.MySQL57Dialect
HHH000490: Using JtaPlatform implementation: [org.hibernate.engine.transaction.jta.platform.internal.NoJtaPlatform]
Initialized JPA EntityManagerFactory for persistence unit 'default'
spring.jpa.open-in-view is enabled by default. Therefore, database queries may be performed during view rendering. Explicitly configure spring.jpa.open-in-view to disable this warning
No URLs will be polled as dynamic configuration sources.
To enable URLs as dynamic configuration sources, define System property archaius.configurationSource.additionalUrls or make config.properties available on classpath.
DynamicPropertyFactory is initialized with configuration sources: com.netflix.config.ConcurrentCompositeConfiguration@1541960
Unable to create an RSA verifier from verifierKey (ignoreable if using MAC)
Creating filter chain: OrRequestMatcher [requestMatchers=[Ant [pattern='/oauth/token'], Ant [pattern='/oauth/token_key'], Ant [pattern='/oauth/check_token']]], [org.springframework.security.web.context.request.async.WebAsyncManagerIntegrationFilter@c60eeb, org.springframework.security.web.context.SecurityContextPersistenceFilter@1e7d82e, org.springframework.security.web.header.HeaderWriterFilter@52d690, org.springframework.security.web.authentication.logout.LogoutFilter@30ce34, org.springframework.security.oauth2.provider.client.ClientCredentialsTokenEndpointFilter@27fe42, org.springframework.security.web.authentication.www.BasicAuthenticationFilter@32be8d, org.springframework.security.web.savedrequest.RequestCacheAwareFilter@1de1717, org.springframework.security.web.servletapi.SecurityContextHolderAwareRequestFilter@71d430, org.springframework.security.web.authentication.AnonymousAuthenticationFilter@38d025, org.springframework.security.web.session.SessionManagementFilter@14427b2, org.springframework.security.web.access.ExceptionTranslationFilter@341c4, org.springframework.security.web.access.intercept.FilterSecurityInterceptor@1ac02a9]
Creating filter chain: any request, [org.springframework.security.web.context.request.async.WebAsyncManagerIntegrationFilter@ba757f, org.springframework.security.web.context.SecurityContextPersistenceFilter@19fb8f5, org.springframework.security.web.header.HeaderWriterFilter@19da2f0, org.springframework.security.web.authentication.logout.LogoutFilter@11fbdc9, org.springframework.security.web.authentication.UsernamePasswordAuthenticationFilter@c9225a, org.springframework.security.web.authentication.ui.DefaultLoginPageGeneratingFilter@43e817, org.springframework.security.web.authentication.ui.DefaultLogoutPageGeneratingFilter@11cd6f9, org.springframework.security.web.savedrequest.RequestCacheAwareFilter@1571d96, org.springframework.security.web.servletapi.SecurityContextHolderAwareRequestFilter@17bbeae, org.springframework.security.web.authentication.AnonymousAuthenticationFilter@b3de26, org.springframework.security.web.session.SessionManagementFilter@127de08, org.springframework.security.web.access.ExceptionTranslationFilter@e81b53, org.springframework.security.web.access.intercept.FilterSecurityInterceptor@1639428]
No URLs will be polled as dynamic configuration sources.
To enable URLs as dynamic configuration sources, define System property archaius.configurationSource.additionalUrls or make config.properties available on classpath.
Initializing ExecutorService 'applicationTaskExecutor'
You already have RibbonLoadBalancerClient on your classpath. It will be used by default. As Spring Cloud Ribbon is in maintenance mode. We recommend switching to BlockingLoadBalancerClient instead. In order to use it, set the value of `spring.cloud.loadbalancer.ribbon.enabled` to `false` or remove spring-cloud-starter-netflix-ribbon from your project.
Exposing 2 endpoint(s) beneath base path '/actuator'
Started UserServiceImplTest in 38.035 seconds (JVM running for 42.316)
HikariPool-1 - Thread starvation or clock leap detected (housekeeper delta=56s698ms380µs963ns).
Setting initial instance status as: STARTING
Unregistering application AUTH-SERVICE with eureka with status DOWN
Shutting down ExecutorService 'applicationTaskExecutor'
Closing JPA EntityManagerFactory for persistence unit 'default'
HikariPool-1 - Shutdown initiated...
HikariPool-1 - Shutdown completed.
No active profile set, falling back to default profiles: default
Multiple Spring Data modules found, entering strict repository configuration mode!
Bootstrapping Spring Data JPA repositories in DEFAULT mode.
Finished Spring Data repository scanning in 363ms. Found 8 JPA repository interfaces.
Multiple Spring Data modules found, entering strict repository configuration mode!
Bootstrapping Spring Data Redis repositories in DEFAULT mode.
Spring Data Redis - Could not safely identify store assignment for repository candidate interface org.wxz.authserver.repository.AccountRepository. If you want this repository to be a Redis repository, consider annotating your entities with one of these annotations: org.springframework.data.redis.core.RedisHash (preferred), or consider extending one of the following types with your repository: org.springframework.data.keyvalue.repository.KeyValueRepository.
Spring Data Redis - Could not safely identify store assignment for repository candidate interface org.wxz.authserver.repository.OauthClientDetailsRepository. If you want this repository to be a Redis repository, consider annotating your entities with one of these annotations: org.springframework.data.redis.core.RedisHash (preferred), or consider extending one of the following types with your repository: org.springframework.data.keyvalue.repository.KeyValueRepository.
Spring Data Redis - Could not safely identify store assignment for repository candidate interface org.wxz.authserver.repository.OauthCodeRepository. If you want this repository to be a Redis repository, consider annotating your entities with one of these annotations: org.springframework.data.redis.core.RedisHash (preferred), or consider extending one of the following types with your repository: org.springframework.data.keyvalue.repository.KeyValueRepository.
Spring Data Redis - Could not safely identify store assignment for repository candidate interface org.wxz.authserver.repository.PermissionRepository. If you want this repository to be a Redis repository, consider annotating your entities with one of these annotations: org.springframework.data.redis.core.RedisHash (preferred), or consider extending one of the following types with your repository: org.springframework.data.keyvalue.repository.KeyValueRepository.
Spring Data Redis - Could not safely identify store assignment for repository candidate interface org.wxz.authserver.repository.RolePermissionRepository. If you want this repository to be a Redis repository, consider annotating your entities with one of these annotations: org.springframework.data.redis.core.RedisHash (preferred), or consider extending one of the following types with your repository: org.springframework.data.keyvalue.repository.KeyValueRepository.
Spring Data Redis - Could not safely identify store assignment for repository candidate interface org.wxz.authserver.repository.RoleRepository. If you want this repository to be a Redis repository, consider annotating your entities with one of these annotations: org.springframework.data.redis.core.RedisHash (preferred), or consider extending one of the following types with your repository: org.springframework.data.keyvalue.repository.KeyValueRepository.
Spring Data Redis - Could not safely identify store assignment for repository candidate interface org.wxz.authserver.repository.UserRepository. If you want this repository to be a Redis repository, consider annotating your entities with one of these annotations: org.springframework.data.redis.core.RedisHash (preferred), or consider extending one of the following types with your repository: org.springframework.data.keyvalue.repository.KeyValueRepository.
Spring Data Redis - Could not safely identify store assignment for repository candidate interface org.wxz.authserver.repository.UserRoleRepository. If you want this repository to be a Redis repository, consider annotating your entities with one of these annotations: org.springframework.data.redis.core.RedisHash (preferred), or consider extending one of the following types with your repository: org.springframework.data.keyvalue.repository.KeyValueRepository.
Finished Spring Data repository scanning in 46331ms. Found 0 Redis repository interfaces.
Endpoint ID 'service-registry' contains invalid characters, please migrate to a valid format.
BeanFactory id=ffc48736-4486-37dd-ae73-a285967d27ef
Bean 'org.springframework.security.config.annotation.configuration.ObjectPostProcessorConfiguration' of type [org.springframework.security.config.annotation.configuration.ObjectPostProcessorConfiguration] is not eligible for getting processed by all BeanPostProcessors (for example: not eligible for auto-proxying)
Bean 'objectPostProcessor' of type [org.springframework.security.config.annotation.configuration.AutowireBeanFactoryObjectPostProcessor] is not eligible for getting processed by all BeanPostProcessors (for example: not eligible for auto-proxying)
Bean 'org.springframework.security.access.expression.method.DefaultMethodSecurityExpressionHandler@10382cb' of type [org.springframework.security.oauth2.provider.expression.OAuth2MethodSecurityExpressionHandler] is not eligible for getting processed by all BeanPostProcessors (for example: not eligible for auto-proxying)
Bean 'org.springframework.security.config.annotation.method.configuration.GlobalMethodSecurityConfiguration' of type [org.springframework.security.config.annotation.method.configuration.GlobalMethodSecurityConfiguration] is not eligible for getting processed by all BeanPostProcessors (for example: not eligible for auto-proxying)
Bean 'methodSecurityMetadataSource' of type [org.springframework.security.access.method.DelegatingMethodSecurityMetadataSource] is not eligible for getting processed by all BeanPostProcessors (for example: not eligible for auto-proxying)
HHH000204: Processing PersistenceUnitInfo [name: default]
HHH000412: Hibernate ORM core version 5.4.12.Final
HCANN000001: Hibernate Commons Annotations {5.1.0.Final}
HikariPool-1 - Starting...
HikariPool-1 - Start completed.
HHH000400: Using dialect: org.hibernate.dialect.MySQL57Dialect
HHH000490: Using JtaPlatform implementation: [org.hibernate.engine.transaction.jta.platform.internal.NoJtaPlatform]
Initialized JPA EntityManagerFactory for persistence unit 'default'
spring.jpa.open-in-view is enabled by default. Therefore, database queries may be performed during view rendering. Explicitly configure spring.jpa.open-in-view to disable this warning
No URLs will be polled as dynamic configuration sources.
To enable URLs as dynamic configuration sources, define System property archaius.configurationSource.additionalUrls or make config.properties available on classpath.
DynamicPropertyFactory is initialized with configuration sources: com.netflix.config.ConcurrentCompositeConfiguration@77dc93
Unable to create an RSA verifier from verifierKey (ignoreable if using MAC)
Creating filter chain: OrRequestMatcher [requestMatchers=[Ant [pattern='/oauth/token'], Ant [pattern='/oauth/token_key'], Ant [pattern='/oauth/check_token']]], [org.springframework.security.web.context.request.async.WebAsyncManagerIntegrationFilter@1be9aa4, org.springframework.security.web.context.SecurityContextPersistenceFilter@56bd8e, org.springframework.security.web.header.HeaderWriterFilter@1d4f726, org.springframework.security.web.authentication.logout.LogoutFilter@10185ec, org.springframework.security.oauth2.provider.client.ClientCredentialsTokenEndpointFilter@1ebf505, org.springframework.security.web.authentication.www.BasicAuthenticationFilter@43a23a, org.springframework.security.web.savedrequest.RequestCacheAwareFilter@1336491, org.springframework.security.web.servletapi.SecurityContextHolderAwareRequestFilter@c3374f, org.springframework.security.web.authentication.AnonymousAuthenticationFilter@11b846f, org.springframework.security.web.session.SessionManagementFilter@1fbfdd5, org.springframework.security.web.access.ExceptionTranslationFilter@1ae0ffd, org.springframework.security.web.access.intercept.FilterSecurityInterceptor@e81b53]
Creating filter chain: any request, [org.springframework.security.web.context.request.async.WebAsyncManagerIntegrationFilter@181a837, org.springframework.security.web.context.SecurityContextPersistenceFilter@b3de26, org.springframework.security.web.header.HeaderWriterFilter@ba757f, org.springframework.security.web.authentication.logout.LogoutFilter@1c27acb, org.springframework.security.web.authentication.UsernamePasswordAuthenticationFilter@1b0eb7e, org.springframework.security.web.authentication.ui.DefaultLoginPageGeneratingFilter@169d577, org.springframework.security.web.authentication.ui.DefaultLogoutPageGeneratingFilter@1e29ac4, org.springframework.security.web.savedrequest.RequestCacheAwareFilter@107e418, org.springframework.security.web.servletapi.SecurityContextHolderAwareRequestFilter@d5668a, org.springframework.security.web.authentication.AnonymousAuthenticationFilter@123730b, org.springframework.security.web.session.SessionManagementFilter@11cd6f9, org.springframework.security.web.access.ExceptionTranslationFilter@c9225a, org.springframework.security.web.access.intercept.FilterSecurityInterceptor@1d5395a]
No URLs will be polled as dynamic configuration sources.
To enable URLs as dynamic configuration sources, define System property archaius.configurationSource.additionalUrls or make config.properties available on classpath.
Initializing ExecutorService 'applicationTaskExecutor'
You already have RibbonLoadBalancerClient on your classpath. It will be used by default. As Spring Cloud Ribbon is in maintenance mode. We recommend switching to BlockingLoadBalancerClient instead. In order to use it, set the value of `spring.cloud.loadbalancer.ribbon.enabled` to `false` or remove spring-cloud-starter-netflix-ribbon from your project.
Exposing 2 endpoint(s) beneath base path '/actuator'
Started UserServiceImplTest in 88.886 seconds (JVM running for 92.683)
Setting initial instance status as: STARTING
Unregistering application AUTH-SERVICE with eureka with status DOWN
Shutting down ExecutorService 'applicationTaskExecutor'
Closing JPA EntityManagerFactory for persistence unit 'default'
HikariPool-1 - Shutdown initiated...
HikariPool-1 - Shutdown completed.
No active profile set, falling back to default profiles: default
Multiple Spring Data modules found, entering strict repository configuration mode!
Bootstrapping Spring Data JPA repositories in DEFAULT mode.
Finished Spring Data repository scanning in 733ms. Found 8 JPA repository interfaces.
Multiple Spring Data modules found, entering strict repository configuration mode!
Bootstrapping Spring Data Redis repositories in DEFAULT mode.
Spring Data Redis - Could not safely identify store assignment for repository candidate interface org.wxz.authserver.repository.AccountRepository. If you want this repository to be a Redis repository, consider annotating your entities with one of these annotations: org.springframework.data.redis.core.RedisHash (preferred), or consider extending one of the following types with your repository: org.springframework.data.keyvalue.repository.KeyValueRepository.
Spring Data Redis - Could not safely identify store assignment for repository candidate interface org.wxz.authserver.repository.OauthClientDetailsRepository. If you want this repository to be a Redis repository, consider annotating your entities with one of these annotations: org.springframework.data.redis.core.RedisHash (preferred), or consider extending one of the following types with your repository: org.springframework.data.keyvalue.repository.KeyValueRepository.
Spring Data Redis - Could not safely identify store assignment for repository candidate interface org.wxz.authserver.repository.OauthCodeRepository. If you want this repository to be a Redis repository, consider annotating your entities with one of these annotations: org.springframework.data.redis.core.RedisHash (preferred), or consider extending one of the following types with your repository: org.springframework.data.keyvalue.repository.KeyValueRepository.
Spring Data Redis - Could not safely identify store assignment for repository candidate interface org.wxz.authserver.repository.PermissionRepository. If you want this repository to be a Redis repository, consider annotating your entities with one of these annotations: org.springframework.data.redis.core.RedisHash (preferred), or consider extending one of the following types with your repository: org.springframework.data.keyvalue.repository.KeyValueRepository.
Spring Data Redis - Could not safely identify store assignment for repository candidate interface org.wxz.authserver.repository.RolePermissionRepository. If you want this repository to be a Redis repository, consider annotating your entities with one of these annotations: org.springframework.data.redis.core.RedisHash (preferred), or consider extending one of the following types with your repository: org.springframework.data.keyvalue.repository.KeyValueRepository.
Spring Data Redis - Could not safely identify store assignment for repository candidate interface org.wxz.authserver.repository.RoleRepository. If you want this repository to be a Redis repository, consider annotating your entities with one of these annotations: org.springframework.data.redis.core.RedisHash (preferred), or consider extending one of the following types with your repository: org.springframework.data.keyvalue.repository.KeyValueRepository.
Spring Data Redis - Could not safely identify store assignment for repository candidate interface org.wxz.authserver.repository.UserRepository. If you want this repository to be a Redis repository, consider annotating your entities with one of these annotations: org.springframework.data.redis.core.RedisHash (preferred), or consider extending one of the following types with your repository: org.springframework.data.keyvalue.repository.KeyValueRepository.
Spring Data Redis - Could not safely identify store assignment for repository candidate interface org.wxz.authserver.repository.UserRoleRepository. If you want this repository to be a Redis repository, consider annotating your entities with one of these annotations: org.springframework.data.redis.core.RedisHash (preferred), or consider extending one of the following types with your repository: org.springframework.data.keyvalue.repository.KeyValueRepository.
Finished Spring Data repository scanning in 33ms. Found 0 Redis repository interfaces.
Endpoint ID 'service-registry' contains invalid characters, please migrate to a valid format.
BeanFactory id=ffc48736-4486-37dd-ae73-a285967d27ef
Bean 'org.springframework.security.config.annotation.configuration.ObjectPostProcessorConfiguration' of type [org.springframework.security.config.annotation.configuration.ObjectPostProcessorConfiguration] is not eligible for getting processed by all BeanPostProcessors (for example: not eligible for auto-proxying)
Bean 'objectPostProcessor' of type [org.springframework.security.config.annotation.configuration.AutowireBeanFactoryObjectPostProcessor] is not eligible for getting processed by all BeanPostProcessors (for example: not eligible for auto-proxying)
Bean 'org.springframework.security.access.expression.method.DefaultMethodSecurityExpressionHandler@14224ca' of type [org.springframework.security.oauth2.provider.expression.OAuth2MethodSecurityExpressionHandler] is not eligible for getting processed by all BeanPostProcessors (for example: not eligible for auto-proxying)
Bean 'org.springframework.security.config.annotation.method.configuration.GlobalMethodSecurityConfiguration' of type [org.springframework.security.config.annotation.method.configuration.GlobalMethodSecurityConfiguration] is not eligible for getting processed by all BeanPostProcessors (for example: not eligible for auto-proxying)
Bean 'methodSecurityMetadataSource' of type [org.springframework.security.access.method.DelegatingMethodSecurityMetadataSource] is not eligible for getting processed by all BeanPostProcessors (for example: not eligible for auto-proxying)
HHH000204: Processing PersistenceUnitInfo [name: default]
HHH000412: Hibernate ORM core version 5.4.12.Final
HCANN000001: Hibernate Commons Annotations {5.1.0.Final}
HikariPool-1 - Starting...
HikariPool-1 - Start completed.
HHH000400: Using dialect: org.hibernate.dialect.MySQL57Dialect
HHH000490: Using JtaPlatform implementation: [org.hibernate.engine.transaction.jta.platform.internal.NoJtaPlatform]
Initialized JPA EntityManagerFactory for persistence unit 'default'
spring.jpa.open-in-view is enabled by default. Therefore, database queries may be performed during view rendering. Explicitly configure spring.jpa.open-in-view to disable this warning
No URLs will be polled as dynamic configuration sources.
To enable URLs as dynamic configuration sources, define System property archaius.configurationSource.additionalUrls or make config.properties available on classpath.
DynamicPropertyFactory is initialized with configuration sources: com.netflix.config.ConcurrentCompositeConfiguration@104437b
Unable to create an RSA verifier from verifierKey (ignoreable if using MAC)
Creating filter chain: OrRequestMatcher [requestMatchers=[Ant [pattern='/oauth/token'], Ant [pattern='/oauth/token_key'], Ant [pattern='/oauth/check_token']]], [org.springframework.security.web.context.request.async.WebAsyncManagerIntegrationFilter@18b147b, org.springframework.security.web.context.SecurityContextPersistenceFilter@9bee3b, org.springframework.security.web.header.HeaderWriterFilter@2545ab, org.springframework.security.web.authentication.logout.LogoutFilter@127d271, org.springframework.security.oauth2.provider.client.ClientCredentialsTokenEndpointFilter@18cdacd, org.springframework.security.web.authentication.www.BasicAuthenticationFilter@322fd3, org.springframework.security.web.savedrequest.RequestCacheAwareFilter@18f685f, org.springframework.security.web.servletapi.SecurityContextHolderAwareRequestFilter@1b1c6dd, org.springframework.security.web.authentication.AnonymousAuthenticationFilter@46bfd1, org.springframework.security.web.session.SessionManagementFilter@c3b5dd, org.springframework.security.web.access.ExceptionTranslationFilter@1fd34b, org.springframework.security.web.access.intercept.FilterSecurityInterceptor@fd9a11]
Creating filter chain: any request, [org.springframework.security.web.context.request.async.WebAsyncManagerIntegrationFilter@e73787, org.springframework.security.web.context.SecurityContextPersistenceFilter@13cf9ac, org.springframework.security.web.header.HeaderWriterFilter@fd7d94, org.springframework.security.web.authentication.logout.LogoutFilter@c5625d, org.springframework.security.web.authentication.UsernamePasswordAuthenticationFilter@147821, org.springframework.security.web.authentication.ui.DefaultLoginPageGeneratingFilter@9c96cf, org.springframework.security.web.authentication.ui.DefaultLogoutPageGeneratingFilter@15065af, org.springframework.security.web.savedrequest.RequestCacheAwareFilter@1f17d3d, org.springframework.security.web.servletapi.SecurityContextHolderAwareRequestFilter@dba70a, org.springframework.security.web.authentication.AnonymousAuthenticationFilter@1e5d46c, org.springframework.security.web.session.SessionManagementFilter@177e395, org.springframework.security.web.access.ExceptionTranslationFilter@156e8ee, org.springframework.security.web.access.intercept.FilterSecurityInterceptor@79071e]
No URLs will be polled as dynamic configuration sources.
To enable URLs as dynamic configuration sources, define System property archaius.configurationSource.additionalUrls or make config.properties available on classpath.
Initializing ExecutorService 'applicationTaskExecutor'
You already have RibbonLoadBalancerClient on your classpath. It will be used by default. As Spring Cloud Ribbon is in maintenance mode. We recommend switching to BlockingLoadBalancerClient instead. In order to use it, set the value of `spring.cloud.loadbalancer.ribbon.enabled` to `false` or remove spring-cloud-starter-netflix-ribbon from your project.
Exposing 2 endpoint(s) beneath base path '/actuator'
Started UserServiceImplTest in 49.915 seconds (JVM running for 54.31)
Setting initial instance status as: STARTING
Unregistering application AUTH-SERVICE with eureka with status DOWN
Shutting down ExecutorService 'applicationTaskExecutor'
Closing JPA EntityManagerFactory for persistence unit 'default'
HikariPool-1 - Shutdown initiated...
HikariPool-1 - Shutdown completed.
No active profile set, falling back to default profiles: default
Multiple Spring Data modules found, entering strict repository configuration mode!
Bootstrapping Spring Data JPA repositories in DEFAULT mode.
Finished Spring Data repository scanning in 371ms. Found 8 JPA repository interfaces.
Multiple Spring Data modules found, entering strict repository configuration mode!
Bootstrapping Spring Data Redis repositories in DEFAULT mode.
Spring Data Redis - Could not safely identify store assignment for repository candidate interface org.wxz.authserver.repository.AccountRepository. If you want this repository to be a Redis repository, consider annotating your entities with one of these annotations: org.springframework.data.redis.core.RedisHash (preferred), or consider extending one of the following types with your repository: org.springframework.data.keyvalue.repository.KeyValueRepository.
Spring Data Redis - Could not safely identify store assignment for repository candidate interface org.wxz.authserver.repository.OauthClientDetailsRepository. If you want this repository to be a Redis repository, consider annotating your entities with one of these annotations: org.springframework.data.redis.core.RedisHash (preferred), or consider extending one of the following types with your repository: org.springframework.data.keyvalue.repository.KeyValueRepository.
Spring Data Redis - Could not safely identify store assignment for repository candidate interface org.wxz.authserver.repository.OauthCodeRepository. If you want this repository to be a Redis repository, consider annotating your entities with one of these annotations: org.springframework.data.redis.core.RedisHash (preferred), or consider extending one of the following types with your repository: org.springframework.data.keyvalue.repository.KeyValueRepository.
Spring Data Redis - Could not safely identify store assignment for repository candidate interface org.wxz.authserver.repository.PermissionRepository. If you want this repository to be a Redis repository, consider annotating your entities with one of these annotations: org.springframework.data.redis.core.RedisHash (preferred), or consider extending one of the following types with your repository: org.springframework.data.keyvalue.repository.KeyValueRepository.
Spring Data Redis - Could not safely identify store assignment for repository candidate interface org.wxz.authserver.repository.RolePermissionRepository. If you want this repository to be a Redis repository, consider annotating your entities with one of these annotations: org.springframework.data.redis.core.RedisHash (preferred), or consider extending one of the following types with your repository: org.springframework.data.keyvalue.repository.KeyValueRepository.
Spring Data Redis - Could not safely identify store assignment for repository candidate interface org.wxz.authserver.repository.RoleRepository. If you want this repository to be a Redis repository, consider annotating your entities with one of these annotations: org.springframework.data.redis.core.RedisHash (preferred), or consider extending one of the following types with your repository: org.springframework.data.keyvalue.repository.KeyValueRepository.
Spring Data Redis - Could not safely identify store assignment for repository candidate interface org.wxz.authserver.repository.UserRepository. If you want this repository to be a Redis repository, consider annotating your entities with one of these annotations: org.springframework.data.redis.core.RedisHash (preferred), or consider extending one of the following types with your repository: org.springframework.data.keyvalue.repository.KeyValueRepository.
Spring Data Redis - Could not safely identify store assignment for repository candidate interface org.wxz.authserver.repository.UserRoleRepository. If you want this repository to be a Redis repository, consider annotating your entities with one of these annotations: org.springframework.data.redis.core.RedisHash (preferred), or consider extending one of the following types with your repository: org.springframework.data.keyvalue.repository.KeyValueRepository.
Finished Spring Data repository scanning in 17ms. Found 0 Redis repository interfaces.
Endpoint ID 'service-registry' contains invalid characters, please migrate to a valid format.
BeanFactory id=ffc48736-4486-37dd-ae73-a285967d27ef
Bean 'org.springframework.security.config.annotation.configuration.ObjectPostProcessorConfiguration' of type [org.springframework.security.config.annotation.configuration.ObjectPostProcessorConfiguration] is not eligible for getting processed by all BeanPostProcessors (for example: not eligible for auto-proxying)
Bean 'objectPostProcessor' of type [org.springframework.security.config.annotation.configuration.AutowireBeanFactoryObjectPostProcessor] is not eligible for getting processed by all BeanPostProcessors (for example: not eligible for auto-proxying)
Bean 'org.springframework.security.access.expression.method.DefaultMethodSecurityExpressionHandler@b5662d' of type [org.springframework.security.oauth2.provider.expression.OAuth2MethodSecurityExpressionHandler] is not eligible for getting processed by all BeanPostProcessors (for example: not eligible for auto-proxying)
Bean 'org.springframework.security.config.annotation.method.configuration.GlobalMethodSecurityConfiguration' of type [org.springframework.security.config.annotation.method.configuration.GlobalMethodSecurityConfiguration] is not eligible for getting processed by all BeanPostProcessors (for example: not eligible for auto-proxying)
Bean 'methodSecurityMetadataSource' of type [org.springframework.security.access.method.DelegatingMethodSecurityMetadataSource] is not eligible for getting processed by all BeanPostProcessors (for example: not eligible for auto-proxying)
HHH000204: Processing PersistenceUnitInfo [name: default]
HHH000412: Hibernate ORM core version 5.4.12.Final
HCANN000001: Hibernate Commons Annotations {5.1.0.Final}
HikariPool-1 - Starting...
HikariPool-1 - Start completed.
HHH000400: Using dialect: org.hibernate.dialect.MySQL57Dialect
HHH000490: Using JtaPlatform implementation: [org.hibernate.engine.transaction.jta.platform.internal.NoJtaPlatform]
Initialized JPA EntityManagerFactory for persistence unit 'default'
spring.jpa.open-in-view is enabled by default. Therefore, database queries may be performed during view rendering. Explicitly configure spring.jpa.open-in-view to disable this warning
No URLs will be polled as dynamic configuration sources.
To enable URLs as dynamic configuration sources, define System property archaius.configurationSource.additionalUrls or make config.properties available on classpath.
DynamicPropertyFactory is initialized with configuration sources: com.netflix.config.ConcurrentCompositeConfiguration@1157620
Unable to create an RSA verifier from verifierKey (ignoreable if using MAC)
Creating filter chain: OrRequestMatcher [requestMatchers=[Ant [pattern='/oauth/token'], Ant [pattern='/oauth/token_key'], Ant [pattern='/oauth/check_token']]], [org.springframework.security.web.context.request.async.WebAsyncManagerIntegrationFilter@1caf362, org.springframework.security.web.context.SecurityContextPersistenceFilter@b42a5a, org.springframework.security.web.header.HeaderWriterFilter@1a9613, org.springframework.security.web.authentication.logout.LogoutFilter@1c95292, org.springframework.security.oauth2.provider.client.ClientCredentialsTokenEndpointFilter@44ac8f, org.springframework.security.web.authentication.www.BasicAuthenticationFilter@1355074, org.springframework.security.web.savedrequest.RequestCacheAwareFilter@131edc, org.springframework.security.web.servletapi.SecurityContextHolderAwareRequestFilter@b2f8cf, org.springframework.security.web.authentication.AnonymousAuthenticationFilter@66be14, org.springframework.security.web.session.SessionManagementFilter@1d17c0c, org.springframework.security.web.access.ExceptionTranslationFilter@1b63133, org.springframework.security.web.access.intercept.FilterSecurityInterceptor@527a00]
Creating filter chain: any request, [org.springframework.security.web.context.request.async.WebAsyncManagerIntegrationFilter@182453, org.springframework.security.web.context.SecurityContextPersistenceFilter@13f95b2, org.springframework.security.web.header.HeaderWriterFilter@198de95, org.springframework.security.web.authentication.logout.LogoutFilter@ca2c3f, org.springframework.security.web.authentication.UsernamePasswordAuthenticationFilter@10bcadb, org.springframework.security.web.authentication.ui.DefaultLoginPageGeneratingFilter@1d87509, org.springframework.security.web.authentication.ui.DefaultLogoutPageGeneratingFilter@17bfb13, org.springframework.security.web.savedrequest.RequestCacheAwareFilter@1927a7c, org.springframework.security.web.servletapi.SecurityContextHolderAwareRequestFilter@4f7fad, org.springframework.security.web.authentication.AnonymousAuthenticationFilter@e736a8, org.springframework.security.web.session.SessionManagementFilter@563d10, org.springframework.security.web.access.ExceptionTranslationFilter@f59ecf, org.springframework.security.web.access.intercept.FilterSecurityInterceptor@17ab87]
No URLs will be polled as dynamic configuration sources.
To enable URLs as dynamic configuration sources, define System property archaius.configurationSource.additionalUrls or make config.properties available on classpath.
Initializing ExecutorService 'applicationTaskExecutor'
You already have RibbonLoadBalancerClient on your classpath. It will be used by default. As Spring Cloud Ribbon is in maintenance mode. We recommend switching to BlockingLoadBalancerClient instead. In order to use it, set the value of `spring.cloud.loadbalancer.ribbon.enabled` to `false` or remove spring-cloud-starter-netflix-ribbon from your project.
Exposing 2 endpoint(s) beneath base path '/actuator'
Started UserServiceImplTest in 25.656 seconds (JVM running for 28.966)
HikariPool-1 - Thread starvation or clock leap detected (housekeeper delta=47s483ms393µs328ns).
Setting initial instance status as: STARTING
Unregistering application AUTH-SERVICE with eureka with status DOWN
Shutting down ExecutorService 'applicationTaskExecutor'
Closing JPA EntityManagerFactory for persistence unit 'default'
HikariPool-1 - Shutdown initiated...
HikariPool-1 - Shutdown completed.
No active profile set, falling back to default profiles: default
Multiple Spring Data modules found, entering strict repository configuration mode!
Bootstrapping Spring Data JPA repositories in DEFAULT mode.
Finished Spring Data repository scanning in 324ms. Found 8 JPA repository interfaces.
Multiple Spring Data modules found, entering strict repository configuration mode!
Bootstrapping Spring Data Redis repositories in DEFAULT mode.
Spring Data Redis - Could not safely identify store assignment for repository candidate interface org.wxz.authserver.repository.AccountRepository. If you want this repository to be a Redis repository, consider annotating your entities with one of these annotations: org.springframework.data.redis.core.RedisHash (preferred), or consider extending one of the following types with your repository: org.springframework.data.keyvalue.repository.KeyValueRepository.
Spring Data Redis - Could not safely identify store assignment for repository candidate interface org.wxz.authserver.repository.OauthClientDetailsRepository. If you want this repository to be a Redis repository, consider annotating your entities with one of these annotations: org.springframework.data.redis.core.RedisHash (preferred), or consider extending one of the following types with your repository: org.springframework.data.keyvalue.repository.KeyValueRepository.
Spring Data Redis - Could not safely identify store assignment for repository candidate interface org.wxz.authserver.repository.OauthCodeRepository. If you want this repository to be a Redis repository, consider annotating your entities with one of these annotations: org.springframework.data.redis.core.RedisHash (preferred), or consider extending one of the following types with your repository: org.springframework.data.keyvalue.repository.KeyValueRepository.
Spring Data Redis - Could not safely identify store assignment for repository candidate interface org.wxz.authserver.repository.PermissionRepository. If you want this repository to be a Redis repository, consider annotating your entities with one of these annotations: org.springframework.data.redis.core.RedisHash (preferred), or consider extending one of the following types with your repository: org.springframework.data.keyvalue.repository.KeyValueRepository.
Spring Data Redis - Could not safely identify store assignment for repository candidate interface org.wxz.authserver.repository.RolePermissionRepository. If you want this repository to be a Redis repository, consider annotating your entities with one of these annotations: org.springframework.data.redis.core.RedisHash (preferred), or consider extending one of the following types with your repository: org.springframework.data.keyvalue.repository.KeyValueRepository.
Spring Data Redis - Could not safely identify store assignment for repository candidate interface org.wxz.authserver.repository.RoleRepository. If you want this repository to be a Redis repository, consider annotating your entities with one of these annotations: org.springframework.data.redis.core.RedisHash (preferred), or consider extending one of the following types with your repository: org.springframework.data.keyvalue.repository.KeyValueRepository.
Spring Data Redis - Could not safely identify store assignment for repository candidate interface org.wxz.authserver.repository.UserRepository. If you want this repository to be a Redis repository, consider annotating your entities with one of these annotations: org.springframework.data.redis.core.RedisHash (preferred), or consider extending one of the following types with your repository: org.springframework.data.keyvalue.repository.KeyValueRepository.
Spring Data Redis - Could not safely identify store assignment for repository candidate interface org.wxz.authserver.repository.UserRoleRepository. If you want this repository to be a Redis repository, consider annotating your entities with one of these annotations: org.springframework.data.redis.core.RedisHash (preferred), or consider extending one of the following types with your repository: org.springframework.data.keyvalue.repository.KeyValueRepository.
Finished Spring Data repository scanning in 15ms. Found 0 Redis repository interfaces.
Endpoint ID 'service-registry' contains invalid characters, please migrate to a valid format.
BeanFactory id=ffc48736-4486-37dd-ae73-a285967d27ef
Bean 'org.springframework.security.config.annotation.configuration.ObjectPostProcessorConfiguration' of type [org.springframework.security.config.annotation.configuration.ObjectPostProcessorConfiguration] is not eligible for getting processed by all BeanPostProcessors (for example: not eligible for auto-proxying)
Bean 'objectPostProcessor' of type [org.springframework.security.config.annotation.configuration.AutowireBeanFactoryObjectPostProcessor] is not eligible for getting processed by all BeanPostProcessors (for example: not eligible for auto-proxying)
Bean 'org.springframework.security.access.expression.method.DefaultMethodSecurityExpressionHandler@1222230' of type [org.springframework.security.oauth2.provider.expression.OAuth2MethodSecurityExpressionHandler] is not eligible for getting processed by all BeanPostProcessors (for example: not eligible for auto-proxying)
Bean 'org.springframework.security.config.annotation.method.configuration.GlobalMethodSecurityConfiguration' of type [org.springframework.security.config.annotation.method.configuration.GlobalMethodSecurityConfiguration] is not eligible for getting processed by all BeanPostProcessors (for example: not eligible for auto-proxying)
Bean 'methodSecurityMetadataSource' of type [org.springframework.security.access.method.DelegatingMethodSecurityMetadataSource] is not eligible for getting processed by all BeanPostProcessors (for example: not eligible for auto-proxying)
HHH000204: Processing PersistenceUnitInfo [name: default]
HHH000412: Hibernate ORM core version 5.4.12.Final
HCANN000001: Hibernate Commons Annotations {5.1.0.Final}
HikariPool-1 - Starting...
HikariPool-1 - Start completed.
HHH000400: Using dialect: org.hibernate.dialect.MySQL57Dialect
HHH000490: Using JtaPlatform implementation: [org.hibernate.engine.transaction.jta.platform.internal.NoJtaPlatform]
Initialized JPA EntityManagerFactory for persistence unit 'default'
spring.jpa.open-in-view is enabled by default. Therefore, database queries may be performed during view rendering. Explicitly configure spring.jpa.open-in-view to disable this warning
No URLs will be polled as dynamic configuration sources.
To enable URLs as dynamic configuration sources, define System property archaius.configurationSource.additionalUrls or make config.properties available on classpath.
DynamicPropertyFactory is initialized with configuration sources: com.netflix.config.ConcurrentCompositeConfiguration@b39942
Unable to create an RSA verifier from verifierKey (ignoreable if using MAC)
Creating filter chain: OrRequestMatcher [requestMatchers=[Ant [pattern='/oauth/token'], Ant [pattern='/oauth/token_key'], Ant [pattern='/oauth/check_token']]], [org.springframework.security.web.context.request.async.WebAsyncManagerIntegrationFilter@1251e43, org.springframework.security.web.context.SecurityContextPersistenceFilter@1dfca65, org.springframework.security.web.header.HeaderWriterFilter@3c3354, org.springframework.security.web.authentication.logout.LogoutFilter@cf1808, org.springframework.security.oauth2.provider.client.ClientCredentialsTokenEndpointFilter@b68e5, org.springframework.security.web.authentication.www.BasicAuthenticationFilter@7cbc2d, org.springframework.security.web.savedrequest.RequestCacheAwareFilter@9f6095, org.springframework.security.web.servletapi.SecurityContextHolderAwareRequestFilter@1731ccd, org.springframework.security.web.authentication.AnonymousAuthenticationFilter@17274e7, org.springframework.security.web.session.SessionManagementFilter@3f58c3, org.springframework.security.web.access.ExceptionTranslationFilter@1478597, org.springframework.security.web.access.intercept.FilterSecurityInterceptor@1d9b73c]
Creating filter chain: any request, [org.springframework.security.web.context.request.async.WebAsyncManagerIntegrationFilter@6be812, org.springframework.security.web.context.SecurityContextPersistenceFilter@1e736bf, org.springframework.security.web.header.HeaderWriterFilter@1d847a2, org.springframework.security.web.authentication.logout.LogoutFilter@da7dd3, org.springframework.security.web.authentication.UsernamePasswordAuthenticationFilter@b4b25e, org.springframework.security.web.authentication.ui.DefaultLoginPageGeneratingFilter@1997e07, org.springframework.security.web.authentication.ui.DefaultLogoutPageGeneratingFilter@1ee0a2f, org.springframework.security.web.savedrequest.RequestCacheAwareFilter@160d99c, org.springframework.security.web.servletapi.SecurityContextHolderAwareRequestFilter@3a7605, org.springframework.security.web.authentication.AnonymousAuthenticationFilter@796d0e, org.springframework.security.web.session.SessionManagementFilter@1b25ec3, org.springframework.security.web.access.ExceptionTranslationFilter@13a27f8, org.springframework.security.web.access.intercept.FilterSecurityInterceptor@cce199]
No URLs will be polled as dynamic configuration sources.
To enable URLs as dynamic configuration sources, define System property archaius.configurationSource.additionalUrls or make config.properties available on classpath.
Initializing ExecutorService 'applicationTaskExecutor'
You already have RibbonLoadBalancerClient on your classpath. It will be used by default. As Spring Cloud Ribbon is in maintenance mode. We recommend switching to BlockingLoadBalancerClient instead. In order to use it, set the value of `spring.cloud.loadbalancer.ribbon.enabled` to `false` or remove spring-cloud-starter-netflix-ribbon from your project.
Exposing 2 endpoint(s) beneath base path '/actuator'
Started UserServiceImplTest in 18.368 seconds (JVM running for 26.718)
Setting initial instance status as: STARTING
Unregistering application AUTH-SERVICE with eureka with status DOWN
Shutting down ExecutorService 'applicationTaskExecutor'
Closing JPA EntityManagerFactory for persistence unit 'default'
HikariPool-1 - Shutdown initiated...
HikariPool-1 - Shutdown completed.
