No active profile set, falling back to default profiles: default
Bootstrapping Spring Data JPA repositories in DEFAULT mode.
Finished Spring Data repository scanning in 922ms. Found 17 JPA repository interfaces.
Endpoint ID 'service-registry' contains invalid characters, please migrate to a valid format.
BeanFactory id=65888561-9e08-3ebf-b2a1-1cdd1311ed6a
Bean 'org.wxz.confserver.service_api.RoleApiService' of type [org.springframework.cloud.openfeign.FeignClientFactoryBean] is not eligible for getting processed by all BeanPostProcessors (for example: not eligible for auto-proxying)
Bean 'org.springframework.security.config.annotation.configuration.ObjectPostProcessorConfiguration' of type [org.springframework.security.config.annotation.configuration.ObjectPostProcessorConfiguration] is not eligible for getting processed by all BeanPostProcessors (for example: not eligible for auto-proxying)
Bean 'objectPostProcessor' of type [org.springframework.security.config.annotation.configuration.AutowireBeanFactoryObjectPostProcessor] is not eligible for getting processed by all BeanPostProcessors (for example: not eligible for auto-proxying)
Bean 'org.springframework.security.access.expression.method.DefaultMethodSecurityExpressionHandler@7d9a01' of type [org.springframework.security.oauth2.provider.expression.OAuth2MethodSecurityExpressionHandler] is not eligible for getting processed by all BeanPostProcessors (for example: not eligible for auto-proxying)
Bean 'org.springframework.security.config.annotation.method.configuration.GlobalMethodSecurityConfiguration' of type [org.springframework.security.config.annotation.method.configuration.GlobalMethodSecurityConfiguration] is not eligible for getting processed by all BeanPostProcessors (for example: not eligible for auto-proxying)
Bean 'methodSecurityMetadataSource' of type [org.springframework.security.access.method.DelegatingMethodSecurityMetadataSource] is not eligible for getting processed by all BeanPostProcessors (for example: not eligible for auto-proxying)
HHH000204: Processing PersistenceUnitInfo [name: default]
HHH000412: Hibernate ORM core version 5.4.12.Final
HCANN000001: Hibernate Commons Annotations {5.1.0.Final}
HikariPool-1 - Starting...
HikariPool-1 - Start completed.
HHH000400: Using dialect: org.hibernate.dialect.MySQL57Dialect
HHH000490: Using JtaPlatform implementation: [org.hibernate.engine.transaction.jta.platform.internal.NoJtaPlatform]
Initialized JPA EntityManagerFactory for persistence unit 'default'
Unable to create an RSA verifier from verifierKey (ignoreable if using MAC)
spring.jpa.open-in-view is enabled by default. Therefore, database queries may be performed during view rendering. Explicitly configure spring.jpa.open-in-view to disable this warning
No URLs will be polled as dynamic configuration sources.
To enable URLs as dynamic configuration sources, define System property archaius.configurationSource.additionalUrls or make config.properties available on classpath.
DynamicPropertyFactory is initialized with configuration sources: com.netflix.config.ConcurrentCompositeConfiguration@1840986
Creating filter chain: any request, [org.springframework.security.web.context.request.async.WebAsyncManagerIntegrationFilter@1420547, org.springframework.security.web.context.SecurityContextPersistenceFilter@f8a37b, org.springframework.security.web.header.HeaderWriterFilter@11e2ddd, org.springframework.security.web.authentication.logout.LogoutFilter@87c72, org.springframework.security.oauth2.provider.authentication.OAuth2AuthenticationProcessingFilter@180fa39, org.springframework.security.web.savedrequest.RequestCacheAwareFilter@14ade78, org.springframework.security.web.servletapi.SecurityContextHolderAwareRequestFilter@1748053, org.springframework.security.web.authentication.AnonymousAuthenticationFilter@d36b56, org.springframework.security.web.session.SessionManagementFilter@197f195, org.springframework.security.web.access.ExceptionTranslationFilter@1cd1db3, org.springframework.security.web.access.intercept.FilterSecurityInterceptor@ecdbf]
Creating filter chain: any request, [org.springframework.security.web.context.request.async.WebAsyncManagerIntegrationFilter@28f386, org.springframework.security.web.context.SecurityContextPersistenceFilter@6557da, org.springframework.security.web.header.HeaderWriterFilter@387974, org.springframework.security.web.authentication.logout.LogoutFilter@11fbc, org.springframework.security.web.authentication.UsernamePasswordAuthenticationFilter@1315925, org.springframework.security.web.authentication.ui.DefaultLoginPageGeneratingFilter@191e8c7, org.springframework.security.web.authentication.ui.DefaultLogoutPageGeneratingFilter@224635, org.springframework.security.web.savedrequest.RequestCacheAwareFilter@2b2176, org.springframework.security.web.servletapi.SecurityContextHolderAwareRequestFilter@185175e, org.springframework.security.web.authentication.AnonymousAuthenticationFilter@185a72f, org.springframework.security.web.session.SessionManagementFilter@23c061, org.springframework.security.web.access.ExceptionTranslationFilter@6ec71f, org.springframework.security.web.access.intercept.FilterSecurityInterceptor@83d61c]
No URLs will be polled as dynamic configuration sources.
To enable URLs as dynamic configuration sources, define System property archaius.configurationSource.additionalUrls or make config.properties available on classpath.
Initializing ExecutorService 'applicationTaskExecutor'
You already have RibbonLoadBalancerClient on your classpath. It will be used by default. As Spring Cloud Ribbon is in maintenance mode. We recommend switching to BlockingLoadBalancerClient instead. In order to use it, set the value of `spring.cloud.loadbalancer.ribbon.enabled` to `false` or remove spring-cloud-starter-netflix-ribbon from your project.
Exposing 2 endpoint(s) beneath base path '/actuator'
Started UserServiceImplTest in 56.974 seconds (JVM running for 77.071)
Setting initial instance status as: STARTING
Unregistering application CONF-SERVICE with eureka with status DOWN
Shutting down ExecutorService 'applicationTaskExecutor'
Closing JPA EntityManagerFactory for persistence unit 'default'
HikariPool-1 - Shutdown initiated...
HikariPool-1 - Shutdown completed.
